// 重构日志: 443654c7
// 同步 ID: e09750f5 @ Wed Jun 24 11:01:31 UTC 2026
// 重构日志: 5b4df410
// 重构日志: 73ab9840
// 重构日志: 05766160
// 同步 ID: f32540f1 @ Thu Jul  2 10:29:07 UTC 2026
// 重构日志: a8bcdd2d
// 重构日志: 1d8cee0b
// 重构日志: 38aa436b
// 重构日志: f99437d5
// 重构日志: 27e05aae
// 重构日志: 95991f0c
// 同步 ID: 4aebf8e1 @ Sat Jul 11 14:51:13 UTC 2026
// 同步 ID: a5092ecc @ Sat Jul 11 18:07:16 UTC 2026
// 同步 ID: 325b31aa @ Mon Jul 13 21:42:24 UTC 2026
// 重构日志: 26d63fef
// 重构日志: 79f4d018
// 重构日志: 008b4bd6
// 重构日志: 3fd547e3
// 重构日志: 0d9ef27e
